[0.066s] DEBUG:colcon:Command line arguments: ['/usr/bin/colcon', 'list', '-p', '--base-paths', '/home/tianfu/ros2_ws/src/argos3_ros_bridge']
[0.066s] DEBUG:colcon:Parsed command line arguments: Namespace(log_base=None, log_level=None, verb_name='list', build_base='build', ignore_user_meta=False, metas=['./colcon.meta'], base_paths=['/home/tianfu/ros2_ws/src/argos3_ros_bridge'], packages_ignore=None, packages_ignore_regex=None, paths=None, packages_up_to=None, packages_up_to_regex=None, packages_above=None, packages_above_and_dependencies=None, packages_above_depth=None, packages_select_by_dep=None, packages_skip_by_dep=None, packages_skip_up_to=None, packages_select_build_failed=False, packages_skip_build_finished=False, packages_select_test_failures=False, packages_skip_test_passed=False, packages_select=None, packages_skip=None, packages_select_regex=None, packages_skip_regex=None, packages_start=None, packages_end=None, allow_overriding=[], topological_order=False, names_only=False, paths_only=True, topological_graph=False, topological_graph_dot=False, topological_graph_density=False, topological_graph_legend=False, topological_graph_dot_cluster=False, topological_graph_dot_include_skipped=False, verb_parser=<colcon_defaults.argument_parser.defaults.DefaultArgumentsDecorator object at 0x730257a48dc0>, verb_extension=<colcon_package_information.verb.list.ListVerb object at 0x730257a07eb0>, main=<bound method ListVerb.main of <colcon_package_information.verb.list.ListVerb object at 0x730257a07eb0>>)
[0.170s] Level 1:colcon.colcon_core.package_discovery:discover_packages(colcon_meta) check parameters
[0.170s] Level 1:colcon.colcon_core.package_discovery:discover_packages(recursive) check parameters
[0.170s] Level 1:colcon.colcon_core.package_discovery:discover_packages(ignore) check parameters
[0.170s] Level 1:colcon.colcon_core.package_discovery:discover_packages(path) check parameters
[0.170s] Level 1:colcon.colcon_core.package_discovery:discover_packages(recursive) discover
[0.170s] INFO:colcon.colcon_core.package_discovery:Crawling recursively for packages in '/home/tianfu/ros2_ws/src/argos3_ros_bridge'
[0.171s] Level 1:colcon.colcon_core.package_identification:_identify(/home/tianfu/ros2_ws/src/argos3_ros_bridge) by extensions ['ignore', 'ignore_ament_install']
[0.171s] Level 1:colcon.colcon_core.package_identification:_identify(/home/tianfu/ros2_ws/src/argos3_ros_bridge) by extension 'ignore'
[0.171s] Level 1:colcon.colcon_core.package_identification:_identify(/home/tianfu/ros2_ws/src/argos3_ros_bridge) by extension 'ignore_ament_install'
[0.171s] Level 1:colcon.colcon_core.package_identification:_identify(/home/tianfu/ros2_ws/src/argos3_ros_bridge) by extensions ['colcon_pkg']
[0.171s] Level 1:colcon.colcon_core.package_identification:_identify(/home/tianfu/ros2_ws/src/argos3_ros_bridge) by extension 'colcon_pkg'
[0.171s] Level 1:colcon.colcon_core.package_identification:_identify(/home/tianfu/ros2_ws/src/argos3_ros_bridge) by extensions ['colcon_meta']
[0.171s] Level 1:colcon.colcon_core.package_identification:_identify(/home/tianfu/ros2_ws/src/argos3_ros_bridge) by extension 'colcon_meta'
[0.171s] Level 1:colcon.colcon_core.package_identification:_identify(/home/tianfu/ros2_ws/src/argos3_ros_bridge) by extensions ['ros']
[0.171s] Level 1:colcon.colcon_core.package_identification:_identify(/home/tianfu/ros2_ws/src/argos3_ros_bridge) by extension 'ros'
[0.182s] Level 1:colcon.colcon_core.package_identification:_identify(/home/tianfu/ros2_ws/src/argos3_ros_bridge) by extensions ['cmake', 'python']
[0.182s] Level 1:colcon.colcon_core.package_identification:_identify(/home/tianfu/ros2_ws/src/argos3_ros_bridge) by extension 'cmake'
[0.182s] Level 1:colcon.colcon_core.package_identification:_identify(/home/tianfu/ros2_ws/src/argos3_ros_bridge) by extension 'python'
[0.182s] Level 1:colcon.colcon_core.package_identification:_identify(/home/tianfu/ros2_ws/src/argos3_ros_bridge) by extensions ['python_setup_py']
[0.182s] Level 1:colcon.colcon_core.package_identification:_identify(/home/tianfu/ros2_ws/src/argos3_ros_bridge) by extension 'python_setup_py'
[0.182s] Level 1:colcon.colcon_core.package_identification:_identify(/home/tianfu/ros2_ws/src/argos3_ros_bridge/collective-decision-making-argos-ros2) by extensions ['ignore', 'ignore_ament_install']
[0.182s] Level 1:colcon.colcon_core.package_identification:_identify(/home/tianfu/ros2_ws/src/argos3_ros_bridge/collective-decision-making-argos-ros2) by extension 'ignore'
[0.182s] Level 1:colcon.colcon_core.package_identification:_identify(/home/tianfu/ros2_ws/src/argos3_ros_bridge/collective-decision-making-argos-ros2) by extension 'ignore_ament_install'
[0.182s] Level 1:colcon.colcon_core.package_identification:_identify(/home/tianfu/ros2_ws/src/argos3_ros_bridge/collective-decision-making-argos-ros2) by extensions ['colcon_pkg']
[0.182s] Level 1:colcon.colcon_core.package_identification:_identify(/home/tianfu/ros2_ws/src/argos3_ros_bridge/collective-decision-making-argos-ros2) by extension 'colcon_pkg'
[0.182s] Level 1:colcon.colcon_core.package_identification:_identify(/home/tianfu/ros2_ws/src/argos3_ros_bridge/collective-decision-making-argos-ros2) by extensions ['colcon_meta']
[0.183s] Level 1:colcon.colcon_core.package_identification:_identify(/home/tianfu/ros2_ws/src/argos3_ros_bridge/collective-decision-making-argos-ros2) by extension 'colcon_meta'
[0.183s] Level 1:colcon.colcon_core.package_identification:_identify(/home/tianfu/ros2_ws/src/argos3_ros_bridge/collective-decision-making-argos-ros2) by extensions ['ros']
[0.183s] Level 1:colcon.colcon_core.package_identification:_identify(/home/tianfu/ros2_ws/src/argos3_ros_bridge/collective-decision-making-argos-ros2) by extension 'ros'
[0.185s] DEBUG:colcon.colcon_core.package_identification:Package '/home/tianfu/ros2_ws/src/argos3_ros_bridge/collective-decision-making-argos-ros2' with type 'ros.ament_cmake' and name 'collective_decision_making'
[0.185s] Level 1:colcon.colcon_core.package_identification:_identify(/home/tianfu/ros2_ws/src/argos3_ros_bridge/collective-decision-making-controller) by extensions ['ignore', 'ignore_ament_install']
[0.185s] Level 1:colcon.colcon_core.package_identification:_identify(/home/tianfu/ros2_ws/src/argos3_ros_bridge/collective-decision-making-controller) by extension 'ignore'
[0.185s] Level 1:colcon.colcon_core.package_identification:_identify(/home/tianfu/ros2_ws/src/argos3_ros_bridge/collective-decision-making-controller) by extension 'ignore_ament_install'
[0.185s] Level 1:colcon.colcon_core.package_identification:_identify(/home/tianfu/ros2_ws/src/argos3_ros_bridge/collective-decision-making-controller) by extensions ['colcon_pkg']
[0.185s] Level 1:colcon.colcon_core.package_identification:_identify(/home/tianfu/ros2_ws/src/argos3_ros_bridge/collective-decision-making-controller) by extension 'colcon_pkg'
[0.185s] Level 1:colcon.colcon_core.package_identification:_identify(/home/tianfu/ros2_ws/src/argos3_ros_bridge/collective-decision-making-controller) by extensions ['colcon_meta']
[0.185s] Level 1:colcon.colcon_core.package_identification:_identify(/home/tianfu/ros2_ws/src/argos3_ros_bridge/collective-decision-making-controller) by extension 'colcon_meta'
[0.185s] Level 1:colcon.colcon_core.package_identification:_identify(/home/tianfu/ros2_ws/src/argos3_ros_bridge/collective-decision-making-controller) by extensions ['ros']
[0.185s] Level 1:colcon.colcon_core.package_identification:_identify(/home/tianfu/ros2_ws/src/argos3_ros_bridge/collective-decision-making-controller) by extension 'ros'
[0.187s] DEBUG:colcon.colcon_core.package_identification:Package '/home/tianfu/ros2_ws/src/argos3_ros_bridge/collective-decision-making-controller' with type 'ros.ament_cmake' and name 'controller'
[0.187s] Level 1:colcon.colcon_core.package_identification:_identify(/home/tianfu/ros2_ws/src/argos3_ros_bridge/log) by extensions ['ignore', 'ignore_ament_install']
[0.187s] Level 1:colcon.colcon_core.package_identification:_identify(/home/tianfu/ros2_ws/src/argos3_ros_bridge/log) by extension 'ignore'
[0.187s] Level 1:colcon.colcon_core.package_identification:_identify(/home/tianfu/ros2_ws/src/argos3_ros_bridge/log) ignored
[0.187s] Level 1:colcon.colcon_core.package_discovery:discover_packages(recursive) using defaults
